  Лаба_7.1.cpp
C:\Users\Ug\Desktop\инфа полякова\Лабы\Лаба_7\Лаба_7.1\Лаба_7.1.cpp(11,12): error C2664: "std::string getSingZodiac(std::string,std::string)": невозможно преобразовать аргумент 1 из "int" в "std::string"
      C:\Users\Ug\Desktop\инфа полякова\Лабы\Лаба_7\Лаба_7.1\Лаба_7.1.cpp(11,26):
      "std::basic_string<char,std::char_traits<char>,std::allocator<char>>::basic_string": ни одна перегруженная функция не может преобразовать все типы аргументов
          C:\Program Files\Microsoft Visual Studio\2022\Community\VC\Tools\MSVC\14.43.34808\include\xstring(744,5):
          может быть "std::basic_string<char,std::char_traits<char>,std::allocator<char>>::basic_string(const _Elem *const )"
          with
          [
              _Elem=char
          ]
              C:\Users\Ug\Desktop\инфа полякова\Лабы\Лаба_7\Лаба_7.1\Лаба_7.1.cpp(11,26):
              "std::basic_string<char,std::char_traits<char>,std::allocator<char>>::basic_string(const _Elem *const )": невозможно преобразовать аргумент 1 из "int" в "const _Elem *const "
          with
          [
              _Elem=char
          ]
                  C:\Users\Ug\Desktop\инфа полякова\Лабы\Лаба_7\Лаба_7.1\Лаба_7.1.cpp(11,26):
                  Для преобразования из целого типа в указатель требуется reinterpret_cast, приведение в стиле С или приведение в стиле функции в круглых скобках
          C:\Program Files\Microsoft Visual Studio\2022\Community\VC\Tools\MSVC\14.43.34808\include\xstring(1316,5):
          или       "std::basic_string<char,std::char_traits<char>,std::allocator<char>>::basic_string(std::initializer_list<_Elem>,const _Alloc &)"
          with
          [
              _Elem=char,
              _Alloc=std::allocator<char>
          ]
              C:\Users\Ug\Desktop\инфа полякова\Лабы\Лаба_7\Лаба_7.1\Лаба_7.1.cpp(11,26):
              "std::basic_string<char,std::char_traits<char>,std::allocator<char>>::basic_string(std::initializer_list<_Elem>,const _Alloc &)": невозможно преобразовать аргумент 1 из "int" в "std::initializer_list<_Elem>"
          with
          [
              _Elem=char,
              _Alloc=std::allocator<char>
          ]
          and
          [
              _Elem=char
          ]
                  C:\Users\Ug\Desktop\инфа полякова\Лабы\Лаба_7\Лаба_7.1\Лаба_7.1.cpp(11,26):
                  Для преобразования требуется второй оператор пользовательского преобразования или конструктор
          C:\Program Files\Microsoft Visual Studio\2022\Community\VC\Tools\MSVC\14.43.34808\include\xstring(774,5):
          или       "std::basic_string<char,std::char_traits<char>,std::allocator<char>>::basic_string(_Iter,_Iter,const _Alloc &)"
          with
          [
              _Alloc=std::allocator<char>
          ]
          C:\Users\Ug\Desktop\инфа полякова\Лабы\Лаба_7\Лаба_7.1\Лаба_7.1.cpp(11,26):
          при попытке сопоставить список аргументов "(int)"
      C:\Users\Ug\Desktop\инфа полякова\Лабы\Лаба_7\Лаба_7.1\Лаба_7.1.cpp(7,8):
       см. объявление "getSingZodiac"
      C:\Users\Ug\Desktop\инфа полякова\Лабы\Лаба_7\Лаба_7.1\Лаба_7.1.cpp(11,12):
      при попытке сопоставить список аргументов "(int, int)"
  
